<?xml version="1.0" encoding="UTF-8"?>
<!-- Generated by org.testng.reporters.JUnitXMLReporter -->
<testsuite ignored="0" hostname="Aravind" failures="11" tests="70" name="Test" time="313.823" errors="0" timestamp="2025-09-08T15:50:49 IST">
  <testcase classname="Testcases.EndToEnd" name="endToEndTest" time="5.985"/>
  <testcase classname="Testcases.NegativeScenarios" name="invalidLogin" time="1.64"/>
  <testcase classname="Testcases.NegativeScenarios" name="searchWithBlankInput" time="1.304"/>
  <testcase classname="Testcases.NegativeScenarios" name="searchWithSpecialCharacters" time="1.145"/>
  <testcase classname="Testcases.OrderHistory" name="verifyOrderHistory" time="13.535">
    <failure type="java.lang.AssertionError" message="Entering billing details failed expected [true] but found [false]">
      <![CDATA[java.lang.AssertionError: Entering billing details failed expected [true] but found [false]
at Testcases.OrderHistory.verifyOrderHistory(OrderHistory.java:57)
at java.base/java.util.ArrayList.forEach(ArrayList.java:1511)
... Removed 30 stack frames]]>
    </failure>
  </testcase> <!-- verifyOrderHistory -->
  <testcase classname="Testcases.Product" name="searchProductAndView" time="1.693"/>
  <testcase classname="Testcases.Product" name="browseByCategoryAndFilter" time="1.333"/>
  <testcase classname="Testcases.Product" name="searchProductInvalid" time="1.406"/>
  <testcase classname="Testcases.Product" name="addProductToCart" time="1.847"/>
  <testcase classname="Testcases.Product" name="checkout" time="12.933">
    <failure type="java.lang.AssertionError" message="Entering billing details failed expected [true] but found [false]">
      <![CDATA[java.lang.AssertionError: Entering billing details failed expected [true] but found [false]
at Testcases.Product.checkout(Product.java:131)
at java.base/java.util.ArrayList.forEach(ArrayList.java:1511)
... Removed 30 stack frames]]>
    </failure>
  </testcase> <!-- checkout -->
  <testcase classname="Testcases.Product" name="updateQuantityAndRemoveProductFromCart" time="12.105">
    <failure type="java.lang.AssertionError" message="Update quantity failed expected [true] but found [false]">
      <![CDATA[java.lang.AssertionError: Update quantity failed expected [true] but found [false]
at Testcases.Product.updateQuantityAndRemoveProductFromCart(Product.java:160)
at java.base/java.util.ArrayList.forEach(ArrayList.java:1511)
... Removed 30 stack frames]]>
    </failure>
  </testcase> <!-- updateQuantityAndRemoveProductFromCart -->
  <testcase classname="Testcases.UIChecks" name="verifyLogo" time="0.668"/>
  <testcase classname="Testcases.UIChecks" name="verifyMainMenu" time="0.676"/>
  <testcase classname="Testcases.UIChecks" name="verifySearchBar" time="0.683"/>
  <testcase classname="Testcases.UserIdentity" name="InvalidLogin" time="1.51">
    <failure type="java.lang.AssertionError" message="Login with invalid credentials unexpectedly succeeded. expected [false] but found [true]">
      <![CDATA[java.lang.AssertionError: Login with invalid credentials unexpectedly succeeded. expected [false] but found [true]
at Testcases.UserIdentity.InvalidLogin(UserIdentity.java:73)
at java.base/java.util.ArrayList.forEach(ArrayList.java:1511)
... Removed 30 stack frames]]>
    </failure>
  </testcase> <!-- InvalidLogin -->
  <testcase classname="Testcases.UserIdentity" name="Login" time="1.011"/>
  <testcase classname="Testcases.UserIdentity" name="Registration" time="2.212"/>
  <testcase classname="Testcases.UserIdentity" name="forgottenPassword" time="2.392"/>
  <testcase classname="cart.AddToCartTests" name="testAddProductSingleQty" time="1.697"/>
  <testcase classname="cart.AddToCartTests" name="testAddProductSpecificQty" time="2.006"/>
  <testcase classname="cart.CartUpdateTests" name="testUpdateCartQuantity" time="2.554"/>
  <testcase classname="cart.CartUpdateTests" name="testInvalidQuantity" time="2.5">
    <failure type="java.lang.AssertionError" message="Invalid quantity test failed expected [false] but found [true]">
      <![CDATA[java.lang.AssertionError: Invalid quantity test failed expected [false] but found [true]
at cart.CartUpdateTests.testInvalidQuantity(CartUpdateTests.java:64)
at java.base/java.util.ArrayList.forEach(ArrayList.java:1511)
... Removed 30 stack frames]]>
    </failure>
  </testcase> <!-- testInvalidQuantity -->
  <testcase classname="cart.CartUpdateTests" name="testRemoveProductFromCart" time="2.292"/>
  <testcase classname="cart.CartValidationTests" name="testCartSummaryDetails" time="2.2"/>
  <testcase classname="cart.CartValidationTests" name="testCartPersistenceAcrossPages" time="2.231"/>
  <testcase classname="checkout.CheckoutTests" name="testProceedToCheckoutGuestOption" time="2.132"/>
  <testcase classname="checkout.CheckoutTests" name="testGuestCheckoutBillingShipping" time="12.728">
    <failure type="java.lang.AssertionError" message="Entering billing details failed expected [true] but found [false]">
      <![CDATA[java.lang.AssertionError: Entering billing details failed expected [true] but found [false]
at checkout.CheckoutTests.testGuestCheckoutBillingShipping(CheckoutTests.java:87)
at java.base/java.util.ArrayList.forEach(ArrayList.java:1511)
... Removed 30 stack frames]]>
    </failure>
  </testcase> <!-- testGuestCheckoutBillingShipping -->
  <testcase classname="checkout.CheckoutTests" name="testRegisteredUserCheckout" time="4.072"/>
  <testcase classname="checkout.CheckoutTests" name="testAddNewDeliveryAddress" time="4.049"/>
  <testcase classname="checkout.CheckoutTests" name="testMandatoryAddressFields" time="2.118"/>
  <testcase classname="login.LoginTests" name="testLoginInvalidCredentials" time="1.63"/>
  <testcase classname="login.LoginTests" name="testValidLogin" time="5.824"/>
  <testcase classname="order.CouponTests" name="testApplyGiftVoucher" time="0.001"/>
  <testcase classname="order.CouponTests" name="testApplyInvalidCoupon" time="0.001"/>
  <testcase classname="order.CouponTests" name="testApplyValidCoupon" time="0.0"/>
  <testcase classname="order.CouponTests" name="testRemoveCouponAndVerifyTotals" time="0.001"/>
  <testcase classname="order.OrderCompletionTests" name="testPlaceOrderAndVerifyConfirmation" time="3.987"/>
  <testcase classname="order.OrderHistoryTests" name="testViewOrderHistoryAndDetails" time="24.464">
    <failure type="java.lang.AssertionError" message="Order history is not displayed expected [true] but found [false]">
      <![CDATA[java.lang.AssertionError: Order history is not displayed expected [true] but found [false]
at order.OrderHistoryTests.testViewOrderHistoryAndDetails(OrderHistoryTests.java:47)
at java.base/java.util.ArrayList.forEach(ArrayList.java:1511)
... Removed 30 stack frames]]>
    </failure>
  </testcase> <!-- testViewOrderHistoryAndDetails -->
  <testcase classname="order.OrderReturnTests" name="testRequestAndVerifyProductReturn" time="4.326"/>
  <testcase classname="order.OrderTests" name="testSaveOrderToHistory" time="0.001"/>
  <testcase classname="order.PaymentTests" name="testAcceptTermsAndConditions" time="0.0"/>
  <testcase classname="order.PaymentTests" name="testCashOnDelivery" time="0.0"/>
  <testcase classname="order.PaymentTests" name="testPayByCreditCardInvalid" time="0.0"/>
  <testcase classname="order.PaymentTests" name="testPayByCreditCardValid" time="0.001"/>
  <testcase classname="order.PaymentTests" name="testPayByNetBanking" time="0.001"/>
  <testcase classname="order.PaymentTests" name="testPayByUPI" time="0.0"/>
  <testcase classname="order.PaymentTests" name="testPaymentMethodsDisplayed" time="0.001"/>
  <testcase classname="search.FilterTests" name="testFilterByCategory" time="11.252">
    <failure type="org.openqa.selenium.NoSuchElementException" message="no such element: Unable to locate element: {&amp;quot;method&amp;quot;:&amp;quot;link text&amp;quot;,&amp;quot;selector&amp;quot;:&amp;quot;Monitors&amp;quot;}
  (Session info: chrome=139.0.7258.155)
For documentation on this error, please visit: https://www.selenium.dev/documentation/webdriver/troubleshooting/errors#no-such-element-exception
Build info: version: &amp;apos;4.25.0&amp;apos;, revision: &amp;apos;8a8aea2337&amp;apos;
System info: os.name: &amp;apos;Windows 11&amp;apos;, os.arch: &amp;apos;amd64&amp;apos;, os.version: &amp;apos;10.0&amp;apos;, java.version: &amp;apos;17.0.12&amp;apos;
Driver info: org.openqa.selenium.chrome.ChromeDriver
Command: [bdff5edb8b274444187a62b46f222dd0, findElement {value=Monitors, using=link text}]
Capabilities {acceptInsecureCerts: false, browserName: chrome, browserVersion: 139.0.7258.155, chrome: {chromedriverVersion: 139.0.7258.154 (9e0d6b2b47f..., userDataDir: C:\Users\aravi\AppData\Loca...}, fedcm:accounts: true, goog:chromeOptions: {debuggerAddress: localhost:65272}, networkConnectionEnabled: false, pageLoadStrategy: normal, platformName: windows, proxy: Proxy(), se:cdp: ws://localhost:65272/devtoo..., se:cdpVersion: 139.0.7258.155, setWindowRect: true, strictFileInteractability: false, timeouts: {implicit: 0, pageLoad: 300000, script: 30000}, unhandledPromptBehavior: dismiss and notify, webauthn:extension:credBlob: true, webauthn:extension:largeBlob: true, webauthn:extension:minPinLength: true, webauthn:extension:prf: true, webauthn:virtualAuthenticators: true}
Session ID: bdff5edb8b274444187a62b46f222dd0">
      <![CDATA[org.openqa.selenium.NoSuchElementException: no such element: Unable to locate element: {"method":"link text","selector":"Monitors"}
  (Session info: chrome=139.0.7258.155)
For documentation on this error, please visit: https://www.selenium.dev/documentation/webdriver/troubleshooting/errors#no-such-element-exception
Build info: version: '4.25.0', revision: '8a8aea2337'
System info: os.name: 'Windows 11', os.arch: 'amd64', os.version: '10.0', java.version: '17.0.12'
Driver info: org.openqa.selenium.chrome.ChromeDriver
Command: [bdff5edb8b274444187a62b46f222dd0, findElement {value=Monitors, using=link text}]
Capabilities {acceptInsecureCerts: false, browserName: chrome, browserVersion: 139.0.7258.155, chrome: {chromedriverVersion: 139.0.7258.154 (9e0d6b2b47f..., userDataDir: C:\Users\aravi\AppData\Loca...}, fedcm:accounts: true, goog:chromeOptions: {debuggerAddress: localhost:65272}, networkConnectionEnabled: false, pageLoadStrategy: normal, platformName: windows, proxy: Proxy(), se:cdp: ws://localhost:65272/devtoo..., se:cdpVersion: 139.0.7258.155, setWindowRect: true, strictFileInteractability: false, timeouts: {implicit: 0, pageLoad: 300000, script: 30000}, unhandledPromptBehavior: dismiss and notify, webauthn:extension:credBlob: true, webauthn:extension:largeBlob: true, webauthn:extension:minPinLength: true, webauthn:extension:prf: true, webauthn:virtualAuthenticators: true}
Session ID: bdff5edb8b274444187a62b46f222dd0
at org.openqa.selenium.remote.ErrorCodec.decode(ErrorCodec.java:167)
at org.openqa.selenium.remote.codec.w3c.W3CHttpResponseCodec.decode(W3CHttpResponseCodec.java:138)
at org.openqa.selenium.remote.codec.w3c.W3CHttpResponseCodec.decode(W3CHttpResponseCodec.java:50)
at org.openqa.selenium.remote.HttpCommandExecutor.execute(HttpCommandExecutor.java:190)
at org.openqa.selenium.remote.service.DriverCommandExecutor.invokeExecute(DriverCommandExecutor.java:216)
at org.openqa.selenium.remote.service.DriverCommandExecutor.execute(DriverCommandExecutor.java:174)
at org.openqa.selenium.remote.RemoteWebDriver.execute(RemoteWebDriver.java:545)
at org.openqa.selenium.remote.ElementLocation$ElementFinder$2.findElement(ElementLocation.java:165)
at org.openqa.selenium.remote.ElementLocation.findElement(ElementLocation.java:59)
at org.openqa.selenium.remote.RemoteWebDriver.findElement(RemoteWebDriver.java:368)
at org.openqa.selenium.remote.RemoteWebDriver.findElement(RemoteWebDriver.java:362)
at Pages.ProductsPage.selectCategory(ProductsPage.java:111)
at search.FilterTests.testFilterByCategory(FilterTests.java:25)
at java.base/java.util.ArrayList.forEach(ArrayList.java:1511)
... Removed 32 stack frames]]>
    </failure>
  </testcase> <!-- testFilterByCategory -->
  <testcase classname="search.FilterTests" name="testFilterByPriceRange" time="11.084">
    <failure type="org.openqa.selenium.NoSuchElementException" message="no such element: Unable to locate element: {&amp;quot;method&amp;quot;:&amp;quot;css selector&amp;quot;,&amp;quot;selector&amp;quot;:&amp;quot;#input\-price\-min&amp;quot;}
  (Session info: chrome=139.0.7258.155)
For documentation on this error, please visit: https://www.selenium.dev/documentation/webdriver/troubleshooting/errors#no-such-element-exception
Build info: version: &amp;apos;4.25.0&amp;apos;, revision: &amp;apos;8a8aea2337&amp;apos;
System info: os.name: &amp;apos;Windows 11&amp;apos;, os.arch: &amp;apos;amd64&amp;apos;, os.version: &amp;apos;10.0&amp;apos;, java.version: &amp;apos;17.0.12&amp;apos;
Driver info: org.openqa.selenium.chrome.ChromeDriver
Command: [a6c6199f6f02f36528818db4d888c07c, findElement {value=input-price-min, using=id}]
Capabilities {acceptInsecureCerts: false, browserName: chrome, browserVersion: 139.0.7258.155, chrome: {chromedriverVersion: 139.0.7258.154 (9e0d6b2b47f..., userDataDir: C:\Users\aravi\AppData\Loca...}, fedcm:accounts: true, goog:chromeOptions: {debuggerAddress: localhost:56275}, networkConnectionEnabled: false, pageLoadStrategy: normal, platformName: windows, proxy: Proxy(), se:cdp: ws://localhost:56275/devtoo..., se:cdpVersion: 139.0.7258.155, setWindowRect: true, strictFileInteractability: false, timeouts: {implicit: 0, pageLoad: 300000, script: 30000}, unhandledPromptBehavior: dismiss and notify, webauthn:extension:credBlob: true, webauthn:extension:largeBlob: true, webauthn:extension:minPinLength: true, webauthn:extension:prf: true, webauthn:virtualAuthenticators: true}
Session ID: a6c6199f6f02f36528818db4d888c07c">
      <![CDATA[org.openqa.selenium.NoSuchElementException: no such element: Unable to locate element: {"method":"css selector","selector":"#input\-price\-min"}
  (Session info: chrome=139.0.7258.155)
For documentation on this error, please visit: https://www.selenium.dev/documentation/webdriver/troubleshooting/errors#no-such-element-exception
Build info: version: '4.25.0', revision: '8a8aea2337'
System info: os.name: 'Windows 11', os.arch: 'amd64', os.version: '10.0', java.version: '17.0.12'
Driver info: org.openqa.selenium.chrome.ChromeDriver
Command: [a6c6199f6f02f36528818db4d888c07c, findElement {value=input-price-min, using=id}]
Capabilities {acceptInsecureCerts: false, browserName: chrome, browserVersion: 139.0.7258.155, chrome: {chromedriverVersion: 139.0.7258.154 (9e0d6b2b47f..., userDataDir: C:\Users\aravi\AppData\Loca...}, fedcm:accounts: true, goog:chromeOptions: {debuggerAddress: localhost:56275}, networkConnectionEnabled: false, pageLoadStrategy: normal, platformName: windows, proxy: Proxy(), se:cdp: ws://localhost:56275/devtoo..., se:cdpVersion: 139.0.7258.155, setWindowRect: true, strictFileInteractability: false, timeouts: {implicit: 0, pageLoad: 300000, script: 30000}, unhandledPromptBehavior: dismiss and notify, webauthn:extension:credBlob: true, webauthn:extension:largeBlob: true, webauthn:extension:minPinLength: true, webauthn:extension:prf: true, webauthn:virtualAuthenticators: true}
Session ID: a6c6199f6f02f36528818db4d888c07c
at org.openqa.selenium.remote.ErrorCodec.decode(ErrorCodec.java:167)
at org.openqa.selenium.remote.codec.w3c.W3CHttpResponseCodec.decode(W3CHttpResponseCodec.java:138)
at org.openqa.selenium.remote.codec.w3c.W3CHttpResponseCodec.decode(W3CHttpResponseCodec.java:50)
at org.openqa.selenium.remote.HttpCommandExecutor.execute(HttpCommandExecutor.java:190)
at org.openqa.selenium.remote.service.DriverCommandExecutor.invokeExecute(DriverCommandExecutor.java:216)
at org.openqa.selenium.remote.service.DriverCommandExecutor.execute(DriverCommandExecutor.java:174)
at org.openqa.selenium.remote.RemoteWebDriver.execute(RemoteWebDriver.java:545)
at org.openqa.selenium.remote.ElementLocation$ElementFinder$2.findElement(ElementLocation.java:165)
at org.openqa.selenium.remote.ElementLocation.findElement(ElementLocation.java:66)
at org.openqa.selenium.remote.RemoteWebDriver.findElement(RemoteWebDriver.java:368)
at org.openqa.selenium.remote.RemoteWebDriver.findElement(RemoteWebDriver.java:362)
at org.openqa.selenium.support.pagefactory.DefaultElementLocator.findElement(DefaultElementLocator.java:68)
at org.openqa.selenium.support.pagefactory.internal.LocatingElementHandler.invoke(LocatingElementHandler.java:38)
at jdk.proxy2/jdk.proxy2.$Proxy16.sendKeys(Unknown Source)
at Pages.ProductsPage.setPriceRange(ProductsPage.java:116)
at search.FilterTests.testFilterByPriceRange(FilterTests.java:40)
at java.base/java.util.ArrayList.forEach(ArrayList.java:1511)
... Removed 32 stack frames]]>
    </failure>
  </testcase> <!-- testFilterByPriceRange -->
  <testcase classname="search.FilterTests" name="testFilterWithNoMatchingPrice" time="11.119">
    <failure type="org.openqa.selenium.NoSuchElementException" message="no such element: Unable to locate element: {&amp;quot;method&amp;quot;:&amp;quot;css selector&amp;quot;,&amp;quot;selector&amp;quot;:&amp;quot;#input\-price\-min&amp;quot;}
  (Session info: chrome=139.0.7258.155)
For documentation on this error, please visit: https://www.selenium.dev/documentation/webdriver/troubleshooting/errors#no-such-element-exception
Build info: version: &amp;apos;4.25.0&amp;apos;, revision: &amp;apos;8a8aea2337&amp;apos;
System info: os.name: &amp;apos;Windows 11&amp;apos;, os.arch: &amp;apos;amd64&amp;apos;, os.version: &amp;apos;10.0&amp;apos;, java.version: &amp;apos;17.0.12&amp;apos;
Driver info: org.openqa.selenium.chrome.ChromeDriver
Command: [02176162f0aa249e0adb875d3bbc5d85, findElement {value=input-price-min, using=id}]
Capabilities {acceptInsecureCerts: false, browserName: chrome, browserVersion: 139.0.7258.155, chrome: {chromedriverVersion: 139.0.7258.154 (9e0d6b2b47f..., userDataDir: C:\Users\aravi\AppData\Loca...}, fedcm:accounts: true, goog:chromeOptions: {debuggerAddress: localhost:64861}, networkConnectionEnabled: false, pageLoadStrategy: normal, platformName: windows, proxy: Proxy(), se:cdp: ws://localhost:64861/devtoo..., se:cdpVersion: 139.0.7258.155, setWindowRect: true, strictFileInteractability: false, timeouts: {implicit: 0, pageLoad: 300000, script: 30000}, unhandledPromptBehavior: dismiss and notify, webauthn:extension:credBlob: true, webauthn:extension:largeBlob: true, webauthn:extension:minPinLength: true, webauthn:extension:prf: true, webauthn:virtualAuthenticators: true}
Session ID: 02176162f0aa249e0adb875d3bbc5d85">
      <![CDATA[org.openqa.selenium.NoSuchElementException: no such element: Unable to locate element: {"method":"css selector","selector":"#input\-price\-min"}
  (Session info: chrome=139.0.7258.155)
For documentation on this error, please visit: https://www.selenium.dev/documentation/webdriver/troubleshooting/errors#no-such-element-exception
Build info: version: '4.25.0', revision: '8a8aea2337'
System info: os.name: 'Windows 11', os.arch: 'amd64', os.version: '10.0', java.version: '17.0.12'
Driver info: org.openqa.selenium.chrome.ChromeDriver
Command: [02176162f0aa249e0adb875d3bbc5d85, findElement {value=input-price-min, using=id}]
Capabilities {acceptInsecureCerts: false, browserName: chrome, browserVersion: 139.0.7258.155, chrome: {chromedriverVersion: 139.0.7258.154 (9e0d6b2b47f..., userDataDir: C:\Users\aravi\AppData\Loca...}, fedcm:accounts: true, goog:chromeOptions: {debuggerAddress: localhost:64861}, networkConnectionEnabled: false, pageLoadStrategy: normal, platformName: windows, proxy: Proxy(), se:cdp: ws://localhost:64861/devtoo..., se:cdpVersion: 139.0.7258.155, setWindowRect: true, strictFileInteractability: false, timeouts: {implicit: 0, pageLoad: 300000, script: 30000}, unhandledPromptBehavior: dismiss and notify, webauthn:extension:credBlob: true, webauthn:extension:largeBlob: true, webauthn:extension:minPinLength: true, webauthn:extension:prf: true, webauthn:virtualAuthenticators: true}
Session ID: 02176162f0aa249e0adb875d3bbc5d85
at org.openqa.selenium.remote.ErrorCodec.decode(ErrorCodec.java:167)
at org.openqa.selenium.remote.codec.w3c.W3CHttpResponseCodec.decode(W3CHttpResponseCodec.java:138)
at org.openqa.selenium.remote.codec.w3c.W3CHttpResponseCodec.decode(W3CHttpResponseCodec.java:50)
at org.openqa.selenium.remote.HttpCommandExecutor.execute(HttpCommandExecutor.java:190)
at org.openqa.selenium.remote.service.DriverCommandExecutor.invokeExecute(DriverCommandExecutor.java:216)
at org.openqa.selenium.remote.service.DriverCommandExecutor.execute(DriverCommandExecutor.java:174)
at org.openqa.selenium.remote.RemoteWebDriver.execute(RemoteWebDriver.java:545)
at org.openqa.selenium.remote.ElementLocation$ElementFinder$2.findElement(ElementLocation.java:165)
at org.openqa.selenium.remote.ElementLocation.findElement(ElementLocation.java:66)
at org.openqa.selenium.remote.RemoteWebDriver.findElement(RemoteWebDriver.java:368)
at org.openqa.selenium.remote.RemoteWebDriver.findElement(RemoteWebDriver.java:362)
at org.openqa.selenium.support.pagefactory.DefaultElementLocator.findElement(DefaultElementLocator.java:68)
at org.openqa.selenium.support.pagefactory.internal.LocatingElementHandler.invoke(LocatingElementHandler.java:38)
at jdk.proxy2/jdk.proxy2.$Proxy16.sendKeys(Unknown Source)
at Pages.ProductsPage.setPriceRange(ProductsPage.java:116)
at search.FilterTests.testFilterWithNoMatchingPrice(FilterTests.java:53)
at java.base/java.util.ArrayList.forEach(ArrayList.java:1511)
... Removed 32 stack frames]]>
    </failure>
  </testcase> <!-- testFilterWithNoMatchingPrice -->
  <testcase classname="search.SearchTests" name="testValidProductSearch" time="1.078"/>
  <testcase classname="search.SearchTests" name="testInvalidProductSearch" time="1.127"/>
  <testcase classname="search.SearchTests" name="testBlankProductSearch" time="1.333"/>
  <testcase classname="search.SearchTests" name="testSpecialCharSearch" time="1.297"/>
  <testcase classname="search.SortAndViewTests" name="testSortByPriceLowToHigh" time="1.429"/>
  <testcase classname="search.SortAndViewTests" name="testSortByNameAZ" time="1.431"/>
  <testcase classname="search.SortAndViewTests" name="testSortByRating" time="1.488"/>
  <testcase classname="search.SortAndViewTests" name="testViewProductDetails" time="1.512"/>
  <testcase classname="search.SortAndViewTests" name="testProductImageGallery" time="1.505"/>
  <testcase classname="user.LoginTests" name="testLoginInvalidCredentials" time="11.243">
    <failure type="java.lang.AssertionError" message="no such element: Unable to locate element: {&amp;quot;method&amp;quot;:&amp;quot;xpath&amp;quot;,&amp;quot;selector&amp;quot;:&amp;quot;//div[@class=&amp;apos;alert alert-danger alert-dismissible&amp;apos;]&amp;quot;}
  (Session info: chrome=139.0.7258.155)
For documentation on this error, please visit: https://www.selenium.dev/documentation/webdriver/troubleshooting/errors#no-such-element-exception
Build info: version: &amp;apos;4.25.0&amp;apos;, revision: &amp;apos;8a8aea2337&amp;apos;
System info: os.name: &amp;apos;Windows 11&amp;apos;, os.arch: &amp;apos;amd64&amp;apos;, os.version: &amp;apos;10.0&amp;apos;, java.version: &amp;apos;17.0.12&amp;apos;
Driver info: org.openqa.selenium.chrome.ChromeDriver
Command: [6867613dafd14ef11e28c886c42e7e2b, findElement {value=//div[@class=&amp;apos;alert alert-danger alert-dismissible&amp;apos;], using=xpath}]
Capabilities {acceptInsecureCerts: false, browserName: chrome, browserVersion: 139.0.7258.155, chrome: {chromedriverVersion: 139.0.7258.154 (9e0d6b2b47f..., userDataDir: C:\Users\aravi\AppData\Loca...}, fedcm:accounts: true, goog:chromeOptions: {debuggerAddress: localhost:61943}, networkConnectionEnabled: false, pageLoadStrategy: normal, platformName: windows, proxy: Proxy(), se:cdp: ws://localhost:61943/devtoo..., se:cdpVersion: 139.0.7258.155, setWindowRect: true, strictFileInteractability: false, timeouts: {implicit: 0, pageLoad: 300000, script: 30000}, unhandledPromptBehavior: dismiss and notify, webauthn:extension:credBlob: true, webauthn:extension:largeBlob: true, webauthn:extension:minPinLength: true, webauthn:extension:prf: true, webauthn:virtualAuthenticators: true}
Session ID: 6867613dafd14ef11e28c886c42e7e2b">
      <![CDATA[java.lang.AssertionError: no such element: Unable to locate element: {"method":"xpath","selector":"//div[@class='alert alert-danger alert-dismissible']"}
  (Session info: chrome=139.0.7258.155)
For documentation on this error, please visit: https://www.selenium.dev/documentation/webdriver/troubleshooting/errors#no-such-element-exception
Build info: version: '4.25.0', revision: '8a8aea2337'
System info: os.name: 'Windows 11', os.arch: 'amd64', os.version: '10.0', java.version: '17.0.12'
Driver info: org.openqa.selenium.chrome.ChromeDriver
Command: [6867613dafd14ef11e28c886c42e7e2b, findElement {value=//div[@class='alert alert-danger alert-dismissible'], using=xpath}]
Capabilities {acceptInsecureCerts: false, browserName: chrome, browserVersion: 139.0.7258.155, chrome: {chromedriverVersion: 139.0.7258.154 (9e0d6b2b47f..., userDataDir: C:\Users\aravi\AppData\Loca...}, fedcm:accounts: true, goog:chromeOptions: {debuggerAddress: localhost:61943}, networkConnectionEnabled: false, pageLoadStrategy: normal, platformName: windows, proxy: Proxy(), se:cdp: ws://localhost:61943/devtoo..., se:cdpVersion: 139.0.7258.155, setWindowRect: true, strictFileInteractability: false, timeouts: {implicit: 0, pageLoad: 300000, script: 30000}, unhandledPromptBehavior: dismiss and notify, webauthn:extension:credBlob: true, webauthn:extension:largeBlob: true, webauthn:extension:minPinLength: true, webauthn:extension:prf: true, webauthn:virtualAuthenticators: true}
Session ID: 6867613dafd14ef11e28c886c42e7e2b
at Base.BaseTest.logFailure(BaseTest.java:73)
at user.LoginTests.testLoginInvalidCredentials(LoginTests.java:49)
at java.base/java.util.ArrayList.forEach(ArrayList.java:1511)
... Removed 28 stack frames]]>
    </failure>
  </testcase> <!-- testLoginInvalidCredentials -->
  <testcase classname="user.LoginTests" name="testLoginValidCredentials" time="0.938"/>
  <testcase classname="user.MiscTests" name="testChangeCurrencyPersistence" time="0.86"/>
  <testcase classname="user.MiscTests" name="testContactUsFormSubmission" time="1.775"/>
  <testcase classname="user.ProfileTests" name="testEditProfileDetails" time="7.518"/>
  <testcase classname="user.ProfileTests" name="testPasswordChangeFlow" time="3.892"/>
  <testcase classname="user.ProfileTests" name="testForgotPasswordResetEmail" time="8.004"/>
  <testcase classname="user.RegistrationTests" name="testValidUserRegistration" time="2.182"/>
  <testcase classname="user.RegistrationTests" name="testDuplicateEmailRegistration" time="12.613"/>
  <testcase classname="user.UserSessionTests" name="testLogoutFunctionality" time="4.669"/>
  <testcase classname="user.WishlistCompareTests" name="testAddToWishlist" time="3.227"/>
</testsuite> <!-- Test -->
