<?xml version="1.0" encoding="UTF-8"?>
<testng-results ignored="0" total="2" passed="1" failed="1" skipped="0">
  <reporter-output>
  </reporter-output>
  <suite started-at="2025-09-06T12:29:21 IST" name="Default suite" finished-at="2025-09-06T12:29:52 IST" duration-ms="30915">
    <groups>
    </groups>
    <test started-at="2025-09-06T12:29:21 IST" name="Default test" finished-at="2025-09-06T12:29:52 IST" duration-ms="30915">
      <class name="Testcases.Product">
        <test-method is-config="true" signature="setupReport()[pri:0, instance:Testcases.Product@198b6731]" started-at="2025-09-06T12:29:21 IST" name="setupReport" finished-at="2025-09-06T12:29:21 IST" duration-ms="481" status="PASS">
          <reporter-output>
          </reporter-output>
        </test-method> <!-- setupReport -->
        <test-method is-config="true" signature="setUp()[pri:0, instance:Testcases.Product@198b6731]" started-at="2025-09-06T12:29:21 IST" name="setUp" finished-at="2025-09-06T12:29:28 IST" duration-ms="6165" status="PASS">
          <reporter-output>
          </reporter-output>
        </test-method> <!-- setUp -->
        <test-method signature="searchproductandview()[pri:49, instance:Testcases.Product@198b6731]" started-at="2025-09-06T12:29:28 IST" name="searchproductandview" finished-at="2025-09-06T12:29:40 IST" duration-ms="12227" status="PASS">
          <reporter-output>
          </reporter-output>
        </test-method> <!-- searchproductandview -->
        <test-method is-config="true" signature="tearDown()[pri:0, instance:Testcases.Product@198b6731]" started-at="2025-09-06T12:29:40 IST" name="tearDown" finished-at="2025-09-06T12:29:40 IST" duration-ms="252" status="PASS">
          <reporter-output>
          </reporter-output>
        </test-method> <!-- tearDown -->
        <test-method is-config="true" signature="setUp()[pri:0, instance:Testcases.Product@198b6731]" started-at="2025-09-06T12:29:40 IST" name="setUp" finished-at="2025-09-06T12:29:41 IST" duration-ms="855" status="PASS">
          <reporter-output>
          </reporter-output>
        </test-method> <!-- setUp -->
        <test-method signature="Browseviacategoryandfilter()[pri:50, instance:Testcases.Product@198b6731]" started-at="2025-09-06T12:29:41 IST" name="Browseviacategoryandfilter" finished-at="2025-09-06T12:29:51 IST" duration-ms="10082" status="FAIL">
          <exception class="java.lang.AssertionError">
            <message>
              <![CDATA[Category search failed expected [true] but found [false]]]>
            </message>
            <full-stacktrace>
              <![CDATA[java.lang.AssertionError: Category search failed expected [true] but found [false]
at org.testng.Assert.fail(Assert.java:111)
at org.testng.Assert.failNotEquals(Assert.java:1578)
at org.testng.Assert.assertTrue(Assert.java:57)
at Testcases.Product.Browseviacategoryandfilter(Product.java:41)
at java.base/jdk.internal.reflect.NativeMethodAccessorImpl.invoke0(Native Method)
at java.base/jdk.internal.reflect.NativeMethodAccessorImpl.invoke(NativeMethodAccessorImpl.java:77)
at java.base/jdk.internal.reflect.DelegatingMethodAccessorImpl.invoke(DelegatingMethodAccessorImpl.java:43)
at java.base/java.lang.reflect.Method.invoke(Method.java:568)
at org.testng.internal.invokers.MethodInvocationHelper.invokeMethod(MethodInvocationHelper.java:141)
at org.testng.internal.invokers.TestInvoker.invokeMethod(TestInvoker.java:686)
at org.testng.internal.invokers.TestInvoker.invokeTestMethod(TestInvoker.java:230)
at org.testng.internal.invokers.MethodRunner.runInSequence(MethodRunner.java:63)
at org.testng.internal.invokers.TestInvoker$MethodInvocationAgent.invoke(TestInvoker.java:992)
at org.testng.internal.invokers.TestInvoker.invokeTestMethods(TestInvoker.java:203)
at org.testng.internal.invokers.TestMethodWorker.invokeTestMethods(TestMethodWorker.java:154)
at org.testng.internal.invokers.TestMethodWorker.run(TestMethodWorker.java:134)
at java.base/java.util.ArrayList.forEach(ArrayList.java:1511)
at org.testng.TestRunner.privateRun(TestRunner.java:739)
at org.testng.TestRunner.run(TestRunner.java:614)
at org.testng.SuiteRunner.runTest(SuiteRunner.java:421)
at org.testng.SuiteRunner.runSequentially(SuiteRunner.java:413)
at org.testng.SuiteRunner.privateRun(SuiteRunner.java:373)
at org.testng.SuiteRunner.run(SuiteRunner.java:312)
at org.testng.SuiteRunnerWorker.runSuite(SuiteRunnerWorker.java:52)
at org.testng.SuiteRunnerWorker.run(SuiteRunnerWorker.java:95)
at org.testng.TestNG.runSuitesSequentially(TestNG.java:1274)
at org.testng.TestNG.runSuitesLocally(TestNG.java:1208)
at org.testng.TestNG.runSuites(TestNG.java:1112)
at org.testng.TestNG.run(TestNG.java:1079)
at org.testng.remote.AbstractRemoteTestNG.run(AbstractRemoteTestNG.java:115)
at org.testng.remote.RemoteTestNG.initAndRun(RemoteTestNG.java:293)
at org.testng.remote.RemoteTestNG.main(RemoteTestNG.java:91)
]]>
            </full-stacktrace>
          </exception> <!-- java.lang.AssertionError -->
          <reporter-output>
          </reporter-output>
        </test-method> <!-- Browseviacategoryandfilter -->
        <test-method is-config="true" signature="tearDown()[pri:0, instance:Testcases.Product@198b6731]" started-at="2025-09-06T12:29:51 IST" name="tearDown" finished-at="2025-09-06T12:29:51 IST" duration-ms="242" status="PASS">
          <reporter-output>
          </reporter-output>
        </test-method> <!-- tearDown -->
        <test-method is-config="true" signature="closeReport()[pri:0, instance:Testcases.Product@198b6731]" started-at="2025-09-06T12:29:51 IST" name="closeReport" finished-at="2025-09-06T12:29:52 IST" duration-ms="537" status="PASS">
          <reporter-output>
          </reporter-output>
        </test-method> <!-- closeReport -->
      </class> <!-- Testcases.Product -->
    </test> <!-- Default test -->
  </suite> <!-- Default suite -->
</testng-results>
